<?xml version="1.0" encoding="UTF-8"?>
<testng-results ignored="0" total="1" passed="1" failed="0" skipped="0">
  <reporter-output>
  </reporter-output>
  <suite started-at="2023-05-01T22:59:33 IST" name="Default suite" finished-at="2023-05-01T22:59:39 IST" duration-ms="5692">
    <groups>
    </groups>
    <test started-at="2023-05-01T22:59:33 IST" name="Default test" finished-at="2023-05-01T22:59:39 IST" duration-ms="5692">
      <class name="TestCases.VerifyLogin">
        <test-method is-config="true" signature="LaunchBrowser()[pri:0, instance:TestCases.VerifyLogin@5f058f00]" started-at="2023-05-01T22:59:33 IST" name="LaunchBrowser" finished-at="2023-05-01T22:59:38 IST" duration-ms="4736" status="PASS">
          <reporter-output>
          </reporter-output>
        </test-method> <!-- LaunchBrowser -->
        <test-method signature="Invalidlogin()[pri:0, instance:TestCases.VerifyLogin@5f058f00]" started-at="2023-05-01T22:59:38 IST" name="Invalidlogin" finished-at="2023-05-01T22:59:39 IST" duration-ms="926" status="PASS">
          <reporter-output>
          </reporter-output>
        </test-method> <!-- Invalidlogin -->
        <test-method is-config="true" signature="quitBrowser()[pri:0, instance:TestCases.VerifyLogin@5f058f00]" started-at="2023-05-01T22:59:39 IST" name="quitBrowser" finished-at="2023-05-01T22:59:39 IST" duration-ms="1" status="PASS">
          <reporter-output>
          </reporter-output>
        </test-method> <!-- quitBrowser -->
      </class> <!-- TestCases.VerifyLogin -->
    </test> <!-- Default test -->
  </suite> <!-- Default suite -->
</testng-results>
