<?xml version="1.0" encoding="UTF-8"?>
<testng-results ignored="0" total="1" passed="1" failed="0" skipped="0">
  <reporter-output>
  </reporter-output>
  <suite started-at="2023-05-03T22:50:26 IST" name="Default suite" finished-at="2023-05-03T22:50:38 IST" duration-ms="12496">
    <groups>
    </groups>
    <test started-at="2023-05-03T22:50:26 IST" name="Default test" finished-at="2023-05-03T22:50:38 IST" duration-ms="12496">
      <class name="TestCases.excelCom">
        <test-method is-config="true" signature="LaunchBrowser()[pri:0, instance:TestCases.excelCom@5f058f00]" started-at="2023-05-03T22:50:26 IST" name="LaunchBrowser" finished-at="2023-05-03T22:50:36 IST" duration-ms="10086" status="PASS">
          <reporter-output>
          </reporter-output>
        </test-method> <!-- LaunchBrowser -->
        <test-method signature="login()[pri:0, instance:TestCases.excelCom@5f058f00]" started-at="2023-05-03T22:50:36 IST" name="login" finished-at="2023-05-03T22:50:38 IST" duration-ms="2375" status="PASS">
          <reporter-output>
          </reporter-output>
        </test-method> <!-- login -->
        <test-method is-config="true" signature="quitBrowser()[pri:0, instance:TestCases.excelCom@5f058f00]" started-at="2023-05-03T22:50:38 IST" name="quitBrowser" finished-at="2023-05-03T22:50:38 IST" duration-ms="2" status="PASS">
          <reporter-output>
          </reporter-output>
        </test-method> <!-- quitBrowser -->
      </class> <!-- TestCases.excelCom -->
    </test> <!-- Default test -->
  </suite> <!-- Default suite -->
</testng-results>
